ERROR - 2024-12-19 07:31:03 --> mysqli_sql_exception: Column 'tekanan_darah' cannot be null in C:\laragon\www\mcu-avisena\system\Database\MySQLi\Connection.php:310
Stack trace:
#0 C:\laragon\www\mcu-avisena\system\Database\MySQLi\Connection.php(310): mysqli->query('INSERT INTO `tb...', 0)
#1 C:\laragon\www\mcu-avisena\system\Database\BaseConnection.php(732): CodeIgniter\Database\MySQLi\Connection->execute('INSERT INTO `tb...')
#2 C:\laragon\www\mcu-avisena\system\Database\BaseConnection.php(646): CodeIgniter\Database\BaseConnection->simpleQuery('INSERT INTO `tb...')
#3 C:\laragon\www\mcu-avisena\system\Database\BaseBuilder.php(2333): CodeIgniter\Database\BaseConnection->query('INSERT INTO `tb...', Array, false)
#4 C:\laragon\www\mcu-avisena\system\Model.php(394): CodeIgniter\Database\BaseBuilder->insert()
#5 C:\laragon\www\mcu-avisena\system\BaseModel.php(840): CodeIgniter\Model->doInsert(Array)
#6 C:\laragon\www\mcu-avisena\system\Model.php(802): CodeIgniter\BaseModel->insert(Array, false)
#7 C:\laragon\www\mcu-avisena\system\BaseModel.php(751): CodeIgniter\Model->insert(Array, false)
#8 C:\laragon\www\mcu-avisena\app\Controllers\Main.php(49): CodeIgniter\BaseModel->save(Array)
#9 C:\laragon\www\mcu-avisena\system\CodeIgniter.php(933): App\Controllers\Main->save_mcu()
#10 C:\laragon\www\mcu-avisena\system\CodeIgniter.php(509): CodeIgniter\CodeIgniter->runController(Object(App\Controllers\Main))
#11 C:\laragon\www\mcu-avisena\system\CodeIgniter.php(355): CodeIgniter\CodeIgniter->handleRequest(NULL, Object(Config\Cache), false)
#12 C:\laragon\www\mcu-avisena\system\Boot.php(325): CodeIgniter\CodeIgniter->run()
#13 C:\laragon\www\mcu-avisena\system\Boot.php(67): CodeIgniter\Boot::runCodeIgniter(Object(CodeIgniter\CodeIgniter))
#14 C:\laragon\www\mcu-avisena\public\index.php(56): CodeIgniter\Boot::bootWeb(Object(Config\Paths))
#15 {main}
CRITICAL - 2024-12-19 07:31:03 --> CodeIgniter\Database\Exceptions\DatabaseException: Column 'tekanan_darah' cannot be null
[Method: POST, Route: save-mcu]
in SYSTEMPATH\Database\BaseConnection.php on line 686.
 1 SYSTEMPATH\Database\BaseBuilder.php(2333): CodeIgniter\Database\BaseConnection->query('INSERT INTO `tb_users` (`nama`, `umur`, `JK`, `tgl_periksa`, `berat_badan`, `tinggi_badan`, `tekanan_darah`, `nadi`) VALUES (:nama:, :umur:, :JK:, :tgl_periksa:, :berat_badan:, :tinggi_badan:, :tekanan_darah:, :nadi:)', [...], false)
 2 SYSTEMPATH\Model.php(394): CodeIgniter\Database\BaseBuilder->insert()
 3 SYSTEMPATH\BaseModel.php(840): CodeIgniter\Model->doInsert([...])
 4 SYSTEMPATH\Model.php(802): CodeIgniter\BaseModel->insert([...], false)
 5 SYSTEMPATH\BaseModel.php(751): CodeIgniter\Model->insert([...], false)
 6 APPPATH\Controllers\Main.php(49): CodeIgniter\BaseModel->save([...])
 7 SYSTEMPATH\CodeIgniter.php(933): App\Controllers\Main->save_mcu()
 8 SYSTEMPATH\CodeIgniter.php(509): CodeIgniter\CodeIgniter->runController(Object(App\Controllers\Main))
 9 SYSTEMPATH\CodeIgniter.php(355): CodeIgniter\CodeIgniter->handleRequest(null, Object(Config\Cache), false)
10 SYSTEMPATH\Boot.php(325): CodeIgniter\CodeIgniter->run()
11 SYSTEMPATH\Boot.php(67): CodeIgniter\Boot::runCodeIgniter(Object(CodeIgniter\CodeIgniter))
12 FCPATH\index.php(56): CodeIgniter\Boot::bootWeb(Object(Config\Paths))
CRITICAL - 2024-12-19 07:31:03 --> [Caused by] CodeIgniter\Database\Exceptions\DatabaseException: Column 'tekanan_darah' cannot be null
in SYSTEMPATH\Database\MySQLi\Connection.php on line 315.
 1 SYSTEMPATH\Database\BaseConnection.php(732): CodeIgniter\Database\MySQLi\Connection->execute('INSERT INTO `tb_users` (`nama`, `umur`, `JK`, `tgl_periksa`, `berat_badan`, `tinggi_badan`, `tekanan_darah`, `nadi`) VALUES (\'Aries Widyantoro\', \'40\', \'Laki - Laki\', \'2024-12-19\', \'76\', \'178\', NULL, \'82\')')
 2 SYSTEMPATH\Database\BaseConnection.php(646): CodeIgniter\Database\BaseConnection->simpleQuery('INSERT INTO `tb_users` (`nama`, `umur`, `JK`, `tgl_periksa`, `berat_badan`, `tinggi_badan`, `tekanan_darah`, `nadi`) VALUES (\'Aries Widyantoro\', \'40\', \'Laki - Laki\', \'2024-12-19\', \'76\', \'178\', NULL, \'82\')')
 3 SYSTEMPATH\Database\BaseBuilder.php(2333): CodeIgniter\Database\BaseConnection->query('INSERT INTO `tb_users` (`nama`, `umur`, `JK`, `tgl_periksa`, `berat_badan`, `tinggi_badan`, `tekanan_darah`, `nadi`) VALUES (:nama:, :umur:, :JK:, :tgl_periksa:, :berat_badan:, :tinggi_badan:, :tekanan_darah:, :nadi:)', [...], false)
 4 SYSTEMPATH\Model.php(394): CodeIgniter\Database\BaseBuilder->insert()
 5 SYSTEMPATH\BaseModel.php(840): CodeIgniter\Model->doInsert([...])
 6 SYSTEMPATH\Model.php(802): CodeIgniter\BaseModel->insert([...], false)
 7 SYSTEMPATH\BaseModel.php(751): CodeIgniter\Model->insert([...], false)
 8 APPPATH\Controllers\Main.php(49): CodeIgniter\BaseModel->save([...])
 9 SYSTEMPATH\CodeIgniter.php(933): App\Controllers\Main->save_mcu()
10 SYSTEMPATH\CodeIgniter.php(509): CodeIgniter\CodeIgniter->runController(Object(App\Controllers\Main))
11 SYSTEMPATH\CodeIgniter.php(355): CodeIgniter\CodeIgniter->handleRequest(null, Object(Config\Cache), false)
12 SYSTEMPATH\Boot.php(325): CodeIgniter\CodeIgniter->run()
13 SYSTEMPATH\Boot.php(67): CodeIgniter\Boot::runCodeIgniter(Object(CodeIgniter\CodeIgniter))
14 FCPATH\index.php(56): CodeIgniter\Boot::bootWeb(Object(Config\Paths))
CRITICAL - 2024-12-19 07:31:03 --> [Caused by] mysqli_sql_exception: Column 'tekanan_darah' cannot be null
in SYSTEMPATH\Database\MySQLi\Connection.php on line 310.
 1 SYSTEMPATH\Database\MySQLi\Connection.php(310): mysqli->query('INSERT INTO `tb_users` (`nama`, `umur`, `JK`, `tgl_periksa`, `berat_badan`, `tinggi_badan`, `tekanan_darah`, `nadi`) VALUES (\'Aries Widyantoro\', \'40\', \'Laki - Laki\', \'2024-12-19\', \'76\', \'178\', NULL, \'82\')', 0)
 2 SYSTEMPATH\Database\BaseConnection.php(732): CodeIgniter\Database\MySQLi\Connection->execute('INSERT INTO `tb_users` (`nama`, `umur`, `JK`, `tgl_periksa`, `berat_badan`, `tinggi_badan`, `tekanan_darah`, `nadi`) VALUES (\'Aries Widyantoro\', \'40\', \'Laki - Laki\', \'2024-12-19\', \'76\', \'178\', NULL, \'82\')')
 3 SYSTEMPATH\Database\BaseConnection.php(646): CodeIgniter\Database\BaseConnection->simpleQuery('INSERT INTO `tb_users` (`nama`, `umur`, `JK`, `tgl_periksa`, `berat_badan`, `tinggi_badan`, `tekanan_darah`, `nadi`) VALUES (\'Aries Widyantoro\', \'40\', \'Laki - Laki\', \'2024-12-19\', \'76\', \'178\', NULL, \'82\')')
 4 SYSTEMPATH\Database\BaseBuilder.php(2333): CodeIgniter\Database\BaseConnection->query('INSERT INTO `tb_users` (`nama`, `umur`, `JK`, `tgl_periksa`, `berat_badan`, `tinggi_badan`, `tekanan_darah`, `nadi`) VALUES (:nama:, :umur:, :JK:, :tgl_periksa:, :berat_badan:, :tinggi_badan:, :tekanan_darah:, :nadi:)', [...], false)
 5 SYSTEMPATH\Model.php(394): CodeIgniter\Database\BaseBuilder->insert()
 6 SYSTEMPATH\BaseModel.php(840): CodeIgniter\Model->doInsert([...])
 7 SYSTEMPATH\Model.php(802): CodeIgniter\BaseModel->insert([...], false)
 8 SYSTEMPATH\BaseModel.php(751): CodeIgniter\Model->insert([...], false)
 9 APPPATH\Controllers\Main.php(49): CodeIgniter\BaseModel->save([...])
10 SYSTEMPATH\CodeIgniter.php(933): App\Controllers\Main->save_mcu()
11 SYSTEMPATH\CodeIgniter.php(509): CodeIgniter\CodeIgniter->runController(Object(App\Controllers\Main))
12 SYSTEMPATH\CodeIgniter.php(355): CodeIgniter\CodeIgniter->handleRequest(null, Object(Config\Cache), false)
13 SYSTEMPATH\Boot.php(325): CodeIgniter\CodeIgniter->run()
14 SYSTEMPATH\Boot.php(67): CodeIgniter\Boot::runCodeIgniter(Object(CodeIgniter\CodeIgniter))
15 FCPATH\index.php(56): CodeIgniter\Boot::bootWeb(Object(Config\Paths))
ERROR - 2024-12-19 07:56:42 --> mysqli_sql_exception: Unknown column 'tb_users.deleted_at' in 'where clause' in C:\laragon\www\mcu-avisena\system\Database\MySQLi\Connection.php:310
Stack trace:
#0 C:\laragon\www\mcu-avisena\system\Database\MySQLi\Connection.php(310): mysqli->query('SELECT `id`\nFRO...', 0)
#1 C:\laragon\www\mcu-avisena\system\Database\BaseConnection.php(732): CodeIgniter\Database\MySQLi\Connection->execute('SELECT `id`\nFRO...')
#2 C:\laragon\www\mcu-avisena\system\Database\BaseConnection.php(646): CodeIgniter\Database\BaseConnection->simpleQuery('SELECT `id`\nFRO...')
#3 C:\laragon\www\mcu-avisena\system\Database\BaseBuilder.php(1637): CodeIgniter\Database\BaseConnection->query('SELECT `id`\nFRO...', Array, false)
#4 C:\laragon\www\mcu-avisena\system\Model.php(330): CodeIgniter\Database\BaseBuilder->get()
#5 C:\laragon\www\mcu-avisena\system\BaseModel.php(714): CodeIgniter\Model->doFirst()
#6 C:\laragon\www\mcu-avisena\app\Models\Users.php(46): CodeIgniter\BaseModel->first()
#7 C:\laragon\www\mcu-avisena\app\Controllers\Main.php(43): App\Models\Users->getUserId('Aries Widyantor...')
#8 C:\laragon\www\mcu-avisena\system\CodeIgniter.php(933): App\Controllers\Main->save_mcu()
#9 C:\laragon\www\mcu-avisena\system\CodeIgniter.php(509): CodeIgniter\CodeIgniter->runController(Object(App\Controllers\Main))
#10 C:\laragon\www\mcu-avisena\system\CodeIgniter.php(355): CodeIgniter\CodeIgniter->handleRequest(NULL, Object(Config\Cache), false)
#11 C:\laragon\www\mcu-avisena\system\Boot.php(325): CodeIgniter\CodeIgniter->run()
#12 C:\laragon\www\mcu-avisena\system\Boot.php(67): CodeIgniter\Boot::runCodeIgniter(Object(CodeIgniter\CodeIgniter))
#13 C:\laragon\www\mcu-avisena\public\index.php(56): CodeIgniter\Boot::bootWeb(Object(Config\Paths))
#14 {main}
CRITICAL - 2024-12-19 07:56:42 --> CodeIgniter\Database\Exceptions\DatabaseException: Unknown column 'tb_users.deleted_at' in 'where clause'
[Method: POST, Route: save-mcu]
in SYSTEMPATH\Database\BaseConnection.php on line 686.
 1 SYSTEMPATH\Database\BaseBuilder.php(1637): CodeIgniter\Database\BaseConnection->query('SELECT `id`
FROM `tb_users`
WHERE `nama` = :nama:
AND `tb_users`.`deleted_at` IS NULL
 LIMIT 1', [...], false)
 2 SYSTEMPATH\Model.php(330): CodeIgniter\Database\BaseBuilder->get()
 3 SYSTEMPATH\BaseModel.php(714): CodeIgniter\Model->doFirst()
 4 APPPATH\Models\Users.php(46): CodeIgniter\BaseModel->first()
 5 APPPATH\Controllers\Main.php(43): App\Models\Users->getUserId('Aries Widyantoro')
 6 SYSTEMPATH\CodeIgniter.php(933): App\Controllers\Main->save_mcu()
 7 SYSTEMPATH\CodeIgniter.php(509): CodeIgniter\CodeIgniter->runController(Object(App\Controllers\Main))
 8 SYSTEMPATH\CodeIgniter.php(355): CodeIgniter\CodeIgniter->handleRequest(null, Object(Config\Cache), false)
 9 SYSTEMPATH\Boot.php(325): CodeIgniter\CodeIgniter->run()
10 SYSTEMPATH\Boot.php(67): CodeIgniter\Boot::runCodeIgniter(Object(CodeIgniter\CodeIgniter))
11 FCPATH\index.php(56): CodeIgniter\Boot::bootWeb(Object(Config\Paths))
CRITICAL - 2024-12-19 07:56:42 --> [Caused by] CodeIgniter\Database\Exceptions\DatabaseException: Unknown column 'tb_users.deleted_at' in 'where clause'
in SYSTEMPATH\Database\MySQLi\Connection.php on line 315.
 1 SYSTEMPATH\Database\BaseConnection.php(732): CodeIgniter\Database\MySQLi\Connection->execute('SELECT `id`
FROM `tb_users`
WHERE `nama` = \'Aries Widyantoro\'
AND `tb_users`.`deleted_at` IS NULL
 LIMIT 1')
 2 SYSTEMPATH\Database\BaseConnection.php(646): CodeIgniter\Database\BaseConnection->simpleQuery('SELECT `id`
FROM `tb_users`
WHERE `nama` = \'Aries Widyantoro\'
AND `tb_users`.`deleted_at` IS NULL
 LIMIT 1')
 3 SYSTEMPATH\Database\BaseBuilder.php(1637): CodeIgniter\Database\BaseConnection->query('SELECT `id`
FROM `tb_users`
WHERE `nama` = :nama:
AND `tb_users`.`deleted_at` IS NULL
 LIMIT 1', [...], false)
 4 SYSTEMPATH\Model.php(330): CodeIgniter\Database\BaseBuilder->get()
 5 SYSTEMPATH\BaseModel.php(714): CodeIgniter\Model->doFirst()
 6 APPPATH\Models\Users.php(46): CodeIgniter\BaseModel->first()
 7 APPPATH\Controllers\Main.php(43): App\Models\Users->getUserId('Aries Widyantoro')
 8 SYSTEMPATH\CodeIgniter.php(933): App\Controllers\Main->save_mcu()
 9 SYSTEMPATH\CodeIgniter.php(509): CodeIgniter\CodeIgniter->runController(Object(App\Controllers\Main))
10 SYSTEMPATH\CodeIgniter.php(355): CodeIgniter\CodeIgniter->handleRequest(null, Object(Config\Cache), false)
11 SYSTEMPATH\Boot.php(325): CodeIgniter\CodeIgniter->run()
12 SYSTEMPATH\Boot.php(67): CodeIgniter\Boot::runCodeIgniter(Object(CodeIgniter\CodeIgniter))
13 FCPATH\index.php(56): CodeIgniter\Boot::bootWeb(Object(Config\Paths))
CRITICAL - 2024-12-19 07:56:42 --> [Caused by] mysqli_sql_exception: Unknown column 'tb_users.deleted_at' in 'where clause'
in SYSTEMPATH\Database\MySQLi\Connection.php on line 310.
 1 SYSTEMPATH\Database\MySQLi\Connection.php(310): mysqli->query('SELECT `id`
FROM `tb_users`
WHERE `nama` = \'Aries Widyantoro\'
AND `tb_users`.`deleted_at` IS NULL
 LIMIT 1', 0)
 2 SYSTEMPATH\Database\BaseConnection.php(732): CodeIgniter\Database\MySQLi\Connection->execute('SELECT `id`
FROM `tb_users`
WHERE `nama` = \'Aries Widyantoro\'
AND `tb_users`.`deleted_at` IS NULL
 LIMIT 1')
 3 SYSTEMPATH\Database\BaseConnection.php(646): CodeIgniter\Database\BaseConnection->simpleQuery('SELECT `id`
FROM `tb_users`
WHERE `nama` = \'Aries Widyantoro\'
AND `tb_users`.`deleted_at` IS NULL
 LIMIT 1')
 4 SYSTEMPATH\Database\BaseBuilder.php(1637): CodeIgniter\Database\BaseConnection->query('SELECT `id`
FROM `tb_users`
WHERE `nama` = :nama:
AND `tb_users`.`deleted_at` IS NULL
 LIMIT 1', [...], false)
 5 SYSTEMPATH\Model.php(330): CodeIgniter\Database\BaseBuilder->get()
 6 SYSTEMPATH\BaseModel.php(714): CodeIgniter\Model->doFirst()
 7 APPPATH\Models\Users.php(46): CodeIgniter\BaseModel->first()
 8 APPPATH\Controllers\Main.php(43): App\Models\Users->getUserId('Aries Widyantoro')
 9 SYSTEMPATH\CodeIgniter.php(933): App\Controllers\Main->save_mcu()
10 SYSTEMPATH\CodeIgniter.php(509): CodeIgniter\CodeIgniter->runController(Object(App\Controllers\Main))
11 SYSTEMPATH\CodeIgniter.php(355): CodeIgniter\CodeIgniter->handleRequest(null, Object(Config\Cache), false)
12 SYSTEMPATH\Boot.php(325): CodeIgniter\CodeIgniter->run()
13 SYSTEMPATH\Boot.php(67): CodeIgniter\Boot::runCodeIgniter(Object(CodeIgniter\CodeIgniter))
14 FCPATH\index.php(56): CodeIgniter\Boot::bootWeb(Object(Config\Paths))
ERROR - 2024-12-19 07:57:30 --> mysqli_sql_exception: Unknown column 'tb_users.deleted_at' in 'where clause' in C:\laragon\www\mcu-avisena\system\Database\MySQLi\Connection.php:310
Stack trace:
#0 C:\laragon\www\mcu-avisena\system\Database\MySQLi\Connection.php(310): mysqli->query('SELECT *\nFROM `...', 0)
#1 C:\laragon\www\mcu-avisena\system\Database\BaseConnection.php(732): CodeIgniter\Database\MySQLi\Connection->execute('SELECT *\nFROM `...')
#2 C:\laragon\www\mcu-avisena\system\Database\BaseConnection.php(646): CodeIgniter\Database\BaseConnection->simpleQuery('SELECT *\nFROM `...')
#3 C:\laragon\www\mcu-avisena\system\Database\BaseBuilder.php(1637): CodeIgniter\Database\BaseConnection->query('SELECT *\nFROM `...', Array, false)
#4 C:\laragon\www\mcu-avisena\system\Model.php(330): CodeIgniter\Database\BaseBuilder->get()
#5 C:\laragon\www\mcu-avisena\system\BaseModel.php(714): CodeIgniter\Model->doFirst()
#6 C:\laragon\www\mcu-avisena\app\Models\Users.php(46): CodeIgniter\BaseModel->first()
#7 C:\laragon\www\mcu-avisena\app\Controllers\Main.php(43): App\Models\Users->getUserId('Aries Widyantor...')
#8 C:\laragon\www\mcu-avisena\system\CodeIgniter.php(933): App\Controllers\Main->save_mcu()
#9 C:\laragon\www\mcu-avisena\system\CodeIgniter.php(509): CodeIgniter\CodeIgniter->runController(Object(App\Controllers\Main))
#10 C:\laragon\www\mcu-avisena\system\CodeIgniter.php(355): CodeIgniter\CodeIgniter->handleRequest(NULL, Object(Config\Cache), false)
#11 C:\laragon\www\mcu-avisena\system\Boot.php(325): CodeIgniter\CodeIgniter->run()
#12 C:\laragon\www\mcu-avisena\system\Boot.php(67): CodeIgniter\Boot::runCodeIgniter(Object(CodeIgniter\CodeIgniter))
#13 C:\laragon\www\mcu-avisena\public\index.php(56): CodeIgniter\Boot::bootWeb(Object(Config\Paths))
#14 {main}
CRITICAL - 2024-12-19 07:57:30 --> CodeIgniter\Database\Exceptions\DatabaseException: Unknown column 'tb_users.deleted_at' in 'where clause'
[Method: POST, Route: save-mcu]
in SYSTEMPATH\Database\BaseConnection.php on line 686.
 1 SYSTEMPATH\Database\BaseBuilder.php(1637): CodeIgniter\Database\BaseConnection->query('SELECT *
FROM `tb_users`
WHERE `nama` = :nama:
AND `tb_users`.`deleted_at` IS NULL
 LIMIT 1', [...], false)
 2 SYSTEMPATH\Model.php(330): CodeIgniter\Database\BaseBuilder->get()
 3 SYSTEMPATH\BaseModel.php(714): CodeIgniter\Model->doFirst()
 4 APPPATH\Models\Users.php(46): CodeIgniter\BaseModel->first()
 5 APPPATH\Controllers\Main.php(43): App\Models\Users->getUserId('Aries Widyantoro')
 6 SYSTEMPATH\CodeIgniter.php(933): App\Controllers\Main->save_mcu()
 7 SYSTEMPATH\CodeIgniter.php(509): CodeIgniter\CodeIgniter->runController(Object(App\Controllers\Main))
 8 SYSTEMPATH\CodeIgniter.php(355): CodeIgniter\CodeIgniter->handleRequest(null, Object(Config\Cache), false)
 9 SYSTEMPATH\Boot.php(325): CodeIgniter\CodeIgniter->run()
10 SYSTEMPATH\Boot.php(67): CodeIgniter\Boot::runCodeIgniter(Object(CodeIgniter\CodeIgniter))
11 FCPATH\index.php(56): CodeIgniter\Boot::bootWeb(Object(Config\Paths))
CRITICAL - 2024-12-19 07:57:30 --> [Caused by] CodeIgniter\Database\Exceptions\DatabaseException: Unknown column 'tb_users.deleted_at' in 'where clause'
in SYSTEMPATH\Database\MySQLi\Connection.php on line 315.
 1 SYSTEMPATH\Database\BaseConnection.php(732): CodeIgniter\Database\MySQLi\Connection->execute('SELECT *
FROM `tb_users`
WHERE `nama` = \'Aries Widyantoro\'
AND `tb_users`.`deleted_at` IS NULL
 LIMIT 1')
 2 SYSTEMPATH\Database\BaseConnection.php(646): CodeIgniter\Database\BaseConnection->simpleQuery('SELECT *
FROM `tb_users`
WHERE `nama` = \'Aries Widyantoro\'
AND `tb_users`.`deleted_at` IS NULL
 LIMIT 1')
 3 SYSTEMPATH\Database\BaseBuilder.php(1637): CodeIgniter\Database\BaseConnection->query('SELECT *
FROM `tb_users`
WHERE `nama` = :nama:
AND `tb_users`.`deleted_at` IS NULL
 LIMIT 1', [...], false)
 4 SYSTEMPATH\Model.php(330): CodeIgniter\Database\BaseBuilder->get()
 5 SYSTEMPATH\BaseModel.php(714): CodeIgniter\Model->doFirst()
 6 APPPATH\Models\Users.php(46): CodeIgniter\BaseModel->first()
 7 APPPATH\Controllers\Main.php(43): App\Models\Users->getUserId('Aries Widyantoro')
 8 SYSTEMPATH\CodeIgniter.php(933): App\Controllers\Main->save_mcu()
 9 SYSTEMPATH\CodeIgniter.php(509): CodeIgniter\CodeIgniter->runController(Object(App\Controllers\Main))
10 SYSTEMPATH\CodeIgniter.php(355): CodeIgniter\CodeIgniter->handleRequest(null, Object(Config\Cache), false)
11 SYSTEMPATH\Boot.php(325): CodeIgniter\CodeIgniter->run()
12 SYSTEMPATH\Boot.php(67): CodeIgniter\Boot::runCodeIgniter(Object(CodeIgniter\CodeIgniter))
13 FCPATH\index.php(56): CodeIgniter\Boot::bootWeb(Object(Config\Paths))
CRITICAL - 2024-12-19 07:57:30 --> [Caused by] mysqli_sql_exception: Unknown column 'tb_users.deleted_at' in 'where clause'
in SYSTEMPATH\Database\MySQLi\Connection.php on line 310.
 1 SYSTEMPATH\Database\MySQLi\Connection.php(310): mysqli->query('SELECT *
FROM `tb_users`
WHERE `nama` = \'Aries Widyantoro\'
AND `tb_users`.`deleted_at` IS NULL
 LIMIT 1', 0)
 2 SYSTEMPATH\Database\BaseConnection.php(732): CodeIgniter\Database\MySQLi\Connection->execute('SELECT *
FROM `tb_users`
WHERE `nama` = \'Aries Widyantoro\'
AND `tb_users`.`deleted_at` IS NULL
 LIMIT 1')
 3 SYSTEMPATH\Database\BaseConnection.php(646): CodeIgniter\Database\BaseConnection->simpleQuery('SELECT *
FROM `tb_users`
WHERE `nama` = \'Aries Widyantoro\'
AND `tb_users`.`deleted_at` IS NULL
 LIMIT 1')
 4 SYSTEMPATH\Database\BaseBuilder.php(1637): CodeIgniter\Database\BaseConnection->query('SELECT *
FROM `tb_users`
WHERE `nama` = :nama:
AND `tb_users`.`deleted_at` IS NULL
 LIMIT 1', [...], false)
 5 SYSTEMPATH\Model.php(330): CodeIgniter\Database\BaseBuilder->get()
 6 SYSTEMPATH\BaseModel.php(714): CodeIgniter\Model->doFirst()
 7 APPPATH\Models\Users.php(46): CodeIgniter\BaseModel->first()
 8 APPPATH\Controllers\Main.php(43): App\Models\Users->getUserId('Aries Widyantoro')
 9 SYSTEMPATH\CodeIgniter.php(933): App\Controllers\Main->save_mcu()
10 SYSTEMPATH\CodeIgniter.php(509): CodeIgniter\CodeIgniter->runController(Object(App\Controllers\Main))
11 SYSTEMPATH\CodeIgniter.php(355): CodeIgniter\CodeIgniter->handleRequest(null, Object(Config\Cache), false)
12 SYSTEMPATH\Boot.php(325): CodeIgniter\CodeIgniter->run()
13 SYSTEMPATH\Boot.php(67): CodeIgniter\Boot::runCodeIgniter(Object(CodeIgniter\CodeIgniter))
14 FCPATH\index.php(56): CodeIgniter\Boot::bootWeb(Object(Config\Paths))
ERROR - 2024-12-19 07:57:50 --> mysqli_sql_exception: Unknown column 'tb_users.deleted_at' in 'where clause' in C:\laragon\www\mcu-avisena\system\Database\MySQLi\Connection.php:310
Stack trace:
#0 C:\laragon\www\mcu-avisena\system\Database\MySQLi\Connection.php(310): mysqli->query('SELECT `id`\nFRO...', 0)
#1 C:\laragon\www\mcu-avisena\system\Database\BaseConnection.php(732): CodeIgniter\Database\MySQLi\Connection->execute('SELECT `id`\nFRO...')
#2 C:\laragon\www\mcu-avisena\system\Database\BaseConnection.php(646): CodeIgniter\Database\BaseConnection->simpleQuery('SELECT `id`\nFRO...')
#3 C:\laragon\www\mcu-avisena\system\Database\BaseBuilder.php(1637): CodeIgniter\Database\BaseConnection->query('SELECT `id`\nFRO...', Array, false)
#4 C:\laragon\www\mcu-avisena\system\Model.php(330): CodeIgniter\Database\BaseBuilder->get()
#5 C:\laragon\www\mcu-avisena\system\BaseModel.php(714): CodeIgniter\Model->doFirst()
#6 C:\laragon\www\mcu-avisena\app\Models\Users.php(42): CodeIgniter\BaseModel->first()
#7 C:\laragon\www\mcu-avisena\app\Controllers\Main.php(43): App\Models\Users->getUserId('Aries Widyantor...')
#8 C:\laragon\www\mcu-avisena\system\CodeIgniter.php(933): App\Controllers\Main->save_mcu()
#9 C:\laragon\www\mcu-avisena\system\CodeIgniter.php(509): CodeIgniter\CodeIgniter->runController(Object(App\Controllers\Main))
#10 C:\laragon\www\mcu-avisena\system\CodeIgniter.php(355): CodeIgniter\CodeIgniter->handleRequest(NULL, Object(Config\Cache), false)
#11 C:\laragon\www\mcu-avisena\system\Boot.php(325): CodeIgniter\CodeIgniter->run()
#12 C:\laragon\www\mcu-avisena\system\Boot.php(67): CodeIgniter\Boot::runCodeIgniter(Object(CodeIgniter\CodeIgniter))
#13 C:\laragon\www\mcu-avisena\public\index.php(56): CodeIgniter\Boot::bootWeb(Object(Config\Paths))
#14 {main}
CRITICAL - 2024-12-19 07:57:50 --> CodeIgniter\Database\Exceptions\DatabaseException: Unknown column 'tb_users.deleted_at' in 'where clause'
[Method: POST, Route: save-mcu]
in SYSTEMPATH\Database\BaseConnection.php on line 686.
 1 SYSTEMPATH\Database\BaseBuilder.php(1637): CodeIgniter\Database\BaseConnection->query('SELECT `id`
FROM `tb_users`
WHERE `nama` = :nama:
AND `tb_users`.`deleted_at` IS NULL
 LIMIT 1', [...], false)
 2 SYSTEMPATH\Model.php(330): CodeIgniter\Database\BaseBuilder->get()
 3 SYSTEMPATH\BaseModel.php(714): CodeIgniter\Model->doFirst()
 4 APPPATH\Models\Users.php(42): CodeIgniter\BaseModel->first()
 5 APPPATH\Controllers\Main.php(43): App\Models\Users->getUserId('Aries Widyantoro')
 6 SYSTEMPATH\CodeIgniter.php(933): App\Controllers\Main->save_mcu()
 7 SYSTEMPATH\CodeIgniter.php(509): CodeIgniter\CodeIgniter->runController(Object(App\Controllers\Main))
 8 SYSTEMPATH\CodeIgniter.php(355): CodeIgniter\CodeIgniter->handleRequest(null, Object(Config\Cache), false)
 9 SYSTEMPATH\Boot.php(325): CodeIgniter\CodeIgniter->run()
10 SYSTEMPATH\Boot.php(67): CodeIgniter\Boot::runCodeIgniter(Object(CodeIgniter\CodeIgniter))
11 FCPATH\index.php(56): CodeIgniter\Boot::bootWeb(Object(Config\Paths))
CRITICAL - 2024-12-19 07:57:50 --> [Caused by] CodeIgniter\Database\Exceptions\DatabaseException: Unknown column 'tb_users.deleted_at' in 'where clause'
in SYSTEMPATH\Database\MySQLi\Connection.php on line 315.
 1 SYSTEMPATH\Database\BaseConnection.php(732): CodeIgniter\Database\MySQLi\Connection->execute('SELECT `id`
FROM `tb_users`
WHERE `nama` = \'Aries Widyantoro\'
AND `tb_users`.`deleted_at` IS NULL
 LIMIT 1')
 2 SYSTEMPATH\Database\BaseConnection.php(646): CodeIgniter\Database\BaseConnection->simpleQuery('SELECT `id`
FROM `tb_users`
WHERE `nama` = \'Aries Widyantoro\'
AND `tb_users`.`deleted_at` IS NULL
 LIMIT 1')
 3 SYSTEMPATH\Database\BaseBuilder.php(1637): CodeIgniter\Database\BaseConnection->query('SELECT `id`
FROM `tb_users`
WHERE `nama` = :nama:
AND `tb_users`.`deleted_at` IS NULL
 LIMIT 1', [...], false)
 4 SYSTEMPATH\Model.php(330): CodeIgniter\Database\BaseBuilder->get()
 5 SYSTEMPATH\BaseModel.php(714): CodeIgniter\Model->doFirst()
 6 APPPATH\Models\Users.php(42): CodeIgniter\BaseModel->first()
 7 APPPATH\Controllers\Main.php(43): App\Models\Users->getUserId('Aries Widyantoro')
 8 SYSTEMPATH\CodeIgniter.php(933): App\Controllers\Main->save_mcu()
 9 SYSTEMPATH\CodeIgniter.php(509): CodeIgniter\CodeIgniter->runController(Object(App\Controllers\Main))
10 SYSTEMPATH\CodeIgniter.php(355): CodeIgniter\CodeIgniter->handleRequest(null, Object(Config\Cache), false)
11 SYSTEMPATH\Boot.php(325): CodeIgniter\CodeIgniter->run()
12 SYSTEMPATH\Boot.php(67): CodeIgniter\Boot::runCodeIgniter(Object(CodeIgniter\CodeIgniter))
13 FCPATH\index.php(56): CodeIgniter\Boot::bootWeb(Object(Config\Paths))
CRITICAL - 2024-12-19 07:57:50 --> [Caused by] mysqli_sql_exception: Unknown column 'tb_users.deleted_at' in 'where clause'
in SYSTEMPATH\Database\MySQLi\Connection.php on line 310.
 1 SYSTEMPATH\Database\MySQLi\Connection.php(310): mysqli->query('SELECT `id`
FROM `tb_users`
WHERE `nama` = \'Aries Widyantoro\'
AND `tb_users`.`deleted_at` IS NULL
 LIMIT 1', 0)
 2 SYSTEMPATH\Database\BaseConnection.php(732): CodeIgniter\Database\MySQLi\Connection->execute('SELECT `id`
FROM `tb_users`
WHERE `nama` = \'Aries Widyantoro\'
AND `tb_users`.`deleted_at` IS NULL
 LIMIT 1')
 3 SYSTEMPATH\Database\BaseConnection.php(646): CodeIgniter\Database\BaseConnection->simpleQuery('SELECT `id`
FROM `tb_users`
WHERE `nama` = \'Aries Widyantoro\'
AND `tb_users`.`deleted_at` IS NULL
 LIMIT 1')
 4 SYSTEMPATH\Database\BaseBuilder.php(1637): CodeIgniter\Database\BaseConnection->query('SELECT `id`
FROM `tb_users`
WHERE `nama` = :nama:
AND `tb_users`.`deleted_at` IS NULL
 LIMIT 1', [...], false)
 5 SYSTEMPATH\Model.php(330): CodeIgniter\Database\BaseBuilder->get()
 6 SYSTEMPATH\BaseModel.php(714): CodeIgniter\Model->doFirst()
 7 APPPATH\Models\Users.php(42): CodeIgniter\BaseModel->first()
 8 APPPATH\Controllers\Main.php(43): App\Models\Users->getUserId('Aries Widyantoro')
 9 SYSTEMPATH\CodeIgniter.php(933): App\Controllers\Main->save_mcu()
10 SYSTEMPATH\CodeIgniter.php(509): CodeIgniter\CodeIgniter->runController(Object(App\Controllers\Main))
11 SYSTEMPATH\CodeIgniter.php(355): CodeIgniter\CodeIgniter->handleRequest(null, Object(Config\Cache), false)
12 SYSTEMPATH\Boot.php(325): CodeIgniter\CodeIgniter->run()
13 SYSTEMPATH\Boot.php(67): CodeIgniter\Boot::runCodeIgniter(Object(CodeIgniter\CodeIgniter))
14 FCPATH\index.php(56): CodeIgniter\Boot::bootWeb(Object(Config\Paths))
CRITICAL - 2024-12-19 07:58:03 --> BadMethodCallException: Call to undefined method App\Models\Users::getUserId
[Method: POST, Route: save-mcu]
in SYSTEMPATH\Model.php on line 932.
 1 APPPATH\Controllers\Main.php(43): CodeIgniter\Model->__call('getUserId', [...])
 2 SYSTEMPATH\CodeIgniter.php(933): App\Controllers\Main->save_mcu()
 3 SYSTEMPATH\CodeIgniter.php(509): CodeIgniter\CodeIgniter->runController(Object(App\Controllers\Main))
 4 SYSTEMPATH\CodeIgniter.php(355): CodeIgniter\CodeIgniter->handleRequest(null, Object(Config\Cache), false)
 5 SYSTEMPATH\Boot.php(325): CodeIgniter\CodeIgniter->run()
 6 SYSTEMPATH\Boot.php(67): CodeIgniter\Boot::runCodeIgniter(Object(CodeIgniter\CodeIgniter))
 7 FCPATH\index.php(56): CodeIgniter\Boot::bootWeb(Object(Config\Paths))
CRITICAL - 2024-12-19 22:39:34 --> CodeIgniter\Database\Exceptions\DataException: There is no data to insert.
[Method: POST, Route: save-mcu]
in SYSTEMPATH\BaseModel.php on line 826.
 1 SYSTEMPATH\BaseModel.php(826): CodeIgniter\Database\Exceptions\DataException::forEmptyDataset('insert')
 2 SYSTEMPATH\Model.php(802): CodeIgniter\BaseModel->insert([], false)
 3 SYSTEMPATH\BaseModel.php(751): CodeIgniter\Model->insert([...], false)
 4 APPPATH\Controllers\Main.php(57): CodeIgniter\BaseModel->save([...])
 5 SYSTEMPATH\CodeIgniter.php(933): App\Controllers\Main->save_mcu()
 6 SYSTEMPATH\CodeIgniter.php(509): CodeIgniter\CodeIgniter->runController(Object(App\Controllers\Main))
 7 SYSTEMPATH\CodeIgniter.php(355): CodeIgniter\CodeIgniter->handleRequest(null, Object(Config\Cache), false)
 8 SYSTEMPATH\Boot.php(325): CodeIgniter\CodeIgniter->run()
 9 SYSTEMPATH\Boot.php(67): CodeIgniter\Boot::runCodeIgniter(Object(CodeIgniter\CodeIgniter))
10 FCPATH\index.php(56): CodeIgniter\Boot::bootWeb(Object(Config\Paths))
CRITICAL - 2024-12-19 22:40:02 --> ErrorException: Undefined property: App\Controllers\Main::$msta
[Method: POST, Route: save-mcu]
in APPPATH\Controllers\Main.php on line 48.
 1 APPPATH\Controllers\Main.php(48): CodeIgniter\Debug\Exceptions->errorHandler(2, 'Undefined property: App\\Controllers\\Main::$msta', 'C:\\laragon\\www\\mcu-avisena\\app\\Controllers\\Main.php', 48)
 2 SYSTEMPATH\CodeIgniter.php(933): App\Controllers\Main->save_mcu()
 3 SYSTEMPATH\CodeIgniter.php(509): CodeIgniter\CodeIgniter->runController(Object(App\Controllers\Main))
 4 SYSTEMPATH\CodeIgniter.php(355): CodeIgniter\CodeIgniter->handleRequest(null, Object(Config\Cache), false)
 5 SYSTEMPATH\Boot.php(325): CodeIgniter\CodeIgniter->run()
 6 SYSTEMPATH\Boot.php(67): CodeIgniter\Boot::runCodeIgniter(Object(CodeIgniter\CodeIgniter))
 7 FCPATH\index.php(56): CodeIgniter\Boot::bootWeb(Object(Config\Paths))
