CRITICAL - 2025-01-09 08:12:43 --> ErrorException: unlink(C:\laragon\www\mcu-avisena\writable\debugbar/debugbar_1736410320.933761.json): No such file or directory
[Method: GET, Route: /]
in SYSTEMPATH\Debug\Toolbar\Collectors\History.php on line 82.
 1 [internal function]: CodeIgniter\Debug\Exceptions->errorHandler(2, 'unlink(C:\\laragon\\www\\mcu-avisena\\writable\\debugbar/debugbar_1736410320.933761.json): No such file or directory', 'C:\\laragon\\www\\mcu-avisena\\system\\Debug\\Toolbar\\Collectors\\History.php', 82)
 2 SYSTEMPATH\Debug\Toolbar\Collectors\History.php(82): unlink('C:\\laragon\\www\\mcu-avisena\\writable\\debugbar/debugbar_1736410320.933761.json')
 3 SYSTEMPATH\Debug\Toolbar.php(520): CodeIgniter\Debug\Toolbar\Collectors\History->setFiles('1736410362.725124', 20)
 4 SYSTEMPATH\Debug\Toolbar.php(497): CodeIgniter\Debug\Toolbar->format([...], 'html')
 5 APPPATH\Config\Events.php(47): CodeIgniter\Debug\Toolbar->respond()
 6 SYSTEMPATH\Events\Events.php(155): CodeIgniter\Events\Events::Config\{closure}()
 7 SYSTEMPATH\CodeIgniter.php(340): CodeIgniter\Events\Events::trigger('pre_system')
 8 SYSTEMPATH\Boot.php(325): CodeIgniter\CodeIgniter->run()
 9 SYSTEMPATH\Boot.php(67): CodeIgniter\Boot::runCodeIgniter(Object(CodeIgniter\CodeIgniter))
10 FCPATH\index.php(56): CodeIgniter\Boot::bootWeb(Object(Config\Paths))
CRITICAL - 2025-01-09 08:58:32 --> ErrorException: Undefined array key "Pilih Jenis Kelamin"
[Method: POST, Route: save-half-lab]
in APPPATH\Controllers\Main.php on line 369.
 1 APPPATH\Controllers\Main.php(369): CodeIgniter\Debug\Exceptions->errorHandler(2, 'Undefined array key "Pilih Jenis Kelamin"', 'C:\\laragon\\www\\mcu-avisena\\app\\Controllers\\Main.php', 369)
 2 SYSTEMPATH\CodeIgniter.php(933): App\Controllers\Main->save_half_lab()
 3 SYSTEMPATH\CodeIgniter.php(509): CodeIgniter\CodeIgniter->runController(Object(App\Controllers\Main))
 4 SYSTEMPATH\CodeIgniter.php(355): CodeIgniter\CodeIgniter->handleRequest(null, Object(Config\Cache), false)
 5 SYSTEMPATH\Boot.php(325): CodeIgniter\CodeIgniter->run()
 6 SYSTEMPATH\Boot.php(67): CodeIgniter\Boot::runCodeIgniter(Object(CodeIgniter\CodeIgniter))
 7 FCPATH\index.php(56): CodeIgniter\Boot::bootWeb(Object(Config\Paths))
CRITICAL - 2025-01-09 09:57:16 --> ErrorException: unlink(C:\laragon\www\mcu-avisena\writable\debugbar/debugbar_1736416417.898419.json): No such file or directory
[Method: GET, Route: /]
in SYSTEMPATH\Debug\Toolbar\Collectors\History.php on line 82.
 1 [internal function]: CodeIgniter\Debug\Exceptions->errorHandler(2, 'unlink(C:\\laragon\\www\\mcu-avisena\\writable\\debugbar/debugbar_1736416417.898419.json): No such file or directory', 'C:\\laragon\\www\\mcu-avisena\\system\\Debug\\Toolbar\\Collectors\\History.php', 82)
 2 SYSTEMPATH\Debug\Toolbar\Collectors\History.php(82): unlink('C:\\laragon\\www\\mcu-avisena\\writable\\debugbar/debugbar_1736416417.898419.json')
 3 SYSTEMPATH\Debug\Toolbar.php(520): CodeIgniter\Debug\Toolbar\Collectors\History->setFiles('1736416631.681629', 20)
 4 SYSTEMPATH\Debug\Toolbar.php(497): CodeIgniter\Debug\Toolbar->format([...], 'html')
 5 APPPATH\Config\Events.php(47): CodeIgniter\Debug\Toolbar->respond()
 6 SYSTEMPATH\Events\Events.php(155): CodeIgniter\Events\Events::Config\{closure}()
 7 SYSTEMPATH\CodeIgniter.php(340): CodeIgniter\Events\Events::trigger('pre_system')
 8 SYSTEMPATH\Boot.php(325): CodeIgniter\CodeIgniter->run()
 9 SYSTEMPATH\Boot.php(67): CodeIgniter\Boot::runCodeIgniter(Object(CodeIgniter\CodeIgniter))
10 FCPATH\index.php(56): CodeIgniter\Boot::bootWeb(Object(Config\Paths))
CRITICAL - 2025-01-09 10:02:58 --> ErrorException: Undefined array key "Pilih Jenis Kelamin"
[Method: POST, Route: save-half-lab]
in APPPATH\Controllers\Main.php on line 369.
 1 APPPATH\Controllers\Main.php(369): CodeIgniter\Debug\Exceptions->errorHandler(2, 'Undefined array key "Pilih Jenis Kelamin"', 'C:\\laragon\\www\\mcu-avisena\\app\\Controllers\\Main.php', 369)
 2 SYSTEMPATH\CodeIgniter.php(933): App\Controllers\Main->save_half_lab()
 3 SYSTEMPATH\CodeIgniter.php(509): CodeIgniter\CodeIgniter->runController(Object(App\Controllers\Main))
 4 SYSTEMPATH\CodeIgniter.php(355): CodeIgniter\CodeIgniter->handleRequest(null, Object(Config\Cache), false)
 5 SYSTEMPATH\Boot.php(325): CodeIgniter\CodeIgniter->run()
 6 SYSTEMPATH\Boot.php(67): CodeIgniter\Boot::runCodeIgniter(Object(CodeIgniter\CodeIgniter))
 7 FCPATH\index.php(56): CodeIgniter\Boot::bootWeb(Object(Config\Paths))
CRITICAL - 2025-01-09 10:03:19 --> ErrorException: Undefined array key "Pilih Jenis Kelamin"
[Method: POST, Route: save-half-lab]
in APPPATH\Controllers\Main.php on line 369.
 1 APPPATH\Controllers\Main.php(369): CodeIgniter\Debug\Exceptions->errorHandler(2, 'Undefined array key "Pilih Jenis Kelamin"', 'C:\\laragon\\www\\mcu-avisena\\app\\Controllers\\Main.php', 369)
 2 SYSTEMPATH\CodeIgniter.php(933): App\Controllers\Main->save_half_lab()
 3 SYSTEMPATH\CodeIgniter.php(509): CodeIgniter\CodeIgniter->runController(Object(App\Controllers\Main))
 4 SYSTEMPATH\CodeIgniter.php(355): CodeIgniter\CodeIgniter->handleRequest(null, Object(Config\Cache), false)
 5 SYSTEMPATH\Boot.php(325): CodeIgniter\CodeIgniter->run()
 6 SYSTEMPATH\Boot.php(67): CodeIgniter\Boot::runCodeIgniter(Object(CodeIgniter\CodeIgniter))
 7 FCPATH\index.php(56): CodeIgniter\Boot::bootWeb(Object(Config\Paths))
CRITICAL - 2025-01-09 10:03:31 --> ErrorException: Undefined array key "Pilih Jenis Kelamin"
[Method: POST, Route: save-half-lab]
in APPPATH\Controllers\Main.php on line 369.
 1 APPPATH\Controllers\Main.php(369): CodeIgniter\Debug\Exceptions->errorHandler(2, 'Undefined array key "Pilih Jenis Kelamin"', 'C:\\laragon\\www\\mcu-avisena\\app\\Controllers\\Main.php', 369)
 2 SYSTEMPATH\CodeIgniter.php(933): App\Controllers\Main->save_half_lab()
 3 SYSTEMPATH\CodeIgniter.php(509): CodeIgniter\CodeIgniter->runController(Object(App\Controllers\Main))
 4 SYSTEMPATH\CodeIgniter.php(355): CodeIgniter\CodeIgniter->handleRequest(null, Object(Config\Cache), false)
 5 SYSTEMPATH\Boot.php(325): CodeIgniter\CodeIgniter->run()
 6 SYSTEMPATH\Boot.php(67): CodeIgniter\Boot::runCodeIgniter(Object(CodeIgniter\CodeIgniter))
 7 FCPATH\index.php(56): CodeIgniter\Boot::bootWeb(Object(Config\Paths))
CRITICAL - 2025-01-09 10:03:46 --> ErrorException: Undefined array key "Pilih Jenis Kelamin"
[Method: POST, Route: save-half-lab]
in APPPATH\Controllers\Main.php on line 369.
 1 APPPATH\Controllers\Main.php(369): CodeIgniter\Debug\Exceptions->errorHandler(2, 'Undefined array key "Pilih Jenis Kelamin"', 'C:\\laragon\\www\\mcu-avisena\\app\\Controllers\\Main.php', 369)
 2 SYSTEMPATH\CodeIgniter.php(933): App\Controllers\Main->save_half_lab()
 3 SYSTEMPATH\CodeIgniter.php(509): CodeIgniter\CodeIgniter->runController(Object(App\Controllers\Main))
 4 SYSTEMPATH\CodeIgniter.php(355): CodeIgniter\CodeIgniter->handleRequest(null, Object(Config\Cache), false)
 5 SYSTEMPATH\Boot.php(325): CodeIgniter\CodeIgniter->run()
 6 SYSTEMPATH\Boot.php(67): CodeIgniter\Boot::runCodeIgniter(Object(CodeIgniter\CodeIgniter))
 7 FCPATH\index.php(56): CodeIgniter\Boot::bootWeb(Object(Config\Paths))
CRITICAL - 2025-01-09 10:04:40 --> ErrorException: Undefined array key "Pilih Jenis Kelamin"
[Method: POST, Route: save-half-lab]
in APPPATH\Controllers\Main.php on line 369.
 1 APPPATH\Controllers\Main.php(369): CodeIgniter\Debug\Exceptions->errorHandler(2, 'Undefined array key "Pilih Jenis Kelamin"', 'C:\\laragon\\www\\mcu-avisena\\app\\Controllers\\Main.php', 369)
 2 SYSTEMPATH\CodeIgniter.php(933): App\Controllers\Main->save_half_lab()
 3 SYSTEMPATH\CodeIgniter.php(509): CodeIgniter\CodeIgniter->runController(Object(App\Controllers\Main))
 4 SYSTEMPATH\CodeIgniter.php(355): CodeIgniter\CodeIgniter->handleRequest(null, Object(Config\Cache), false)
 5 SYSTEMPATH\Boot.php(325): CodeIgniter\CodeIgniter->run()
 6 SYSTEMPATH\Boot.php(67): CodeIgniter\Boot::runCodeIgniter(Object(CodeIgniter\CodeIgniter))
 7 FCPATH\index.php(56): CodeIgniter\Boot::bootWeb(Object(Config\Paths))
CRITICAL - 2025-01-09 10:06:06 --> ErrorException: Undefined array key "Pilih Jenis Kelamin"
[Method: POST, Route: save-half-lab]
in APPPATH\Controllers\Main.php on line 369.
 1 APPPATH\Controllers\Main.php(369): CodeIgniter\Debug\Exceptions->errorHandler(2, 'Undefined array key "Pilih Jenis Kelamin"', 'C:\\laragon\\www\\mcu-avisena\\app\\Controllers\\Main.php', 369)
 2 SYSTEMPATH\CodeIgniter.php(933): App\Controllers\Main->save_half_lab()
 3 SYSTEMPATH\CodeIgniter.php(509): CodeIgniter\CodeIgniter->runController(Object(App\Controllers\Main))
 4 SYSTEMPATH\CodeIgniter.php(355): CodeIgniter\CodeIgniter->handleRequest(null, Object(Config\Cache), false)
 5 SYSTEMPATH\Boot.php(325): CodeIgniter\CodeIgniter->run()
 6 SYSTEMPATH\Boot.php(67): CodeIgniter\Boot::runCodeIgniter(Object(CodeIgniter\CodeIgniter))
 7 FCPATH\index.php(56): CodeIgniter\Boot::bootWeb(Object(Config\Paths))
CRITICAL - 2025-01-09 10:06:12 --> ErrorException: Undefined array key "Pilih Jenis Kelamin"
[Method: POST, Route: save-half-lab]
in APPPATH\Controllers\Main.php on line 369.
 1 APPPATH\Controllers\Main.php(369): CodeIgniter\Debug\Exceptions->errorHandler(2, 'Undefined array key "Pilih Jenis Kelamin"', 'C:\\laragon\\www\\mcu-avisena\\app\\Controllers\\Main.php', 369)
 2 SYSTEMPATH\CodeIgniter.php(933): App\Controllers\Main->save_half_lab()
 3 SYSTEMPATH\CodeIgniter.php(509): CodeIgniter\CodeIgniter->runController(Object(App\Controllers\Main))
 4 SYSTEMPATH\CodeIgniter.php(355): CodeIgniter\CodeIgniter->handleRequest(null, Object(Config\Cache), false)
 5 SYSTEMPATH\Boot.php(325): CodeIgniter\CodeIgniter->run()
 6 SYSTEMPATH\Boot.php(67): CodeIgniter\Boot::runCodeIgniter(Object(CodeIgniter\CodeIgniter))
 7 FCPATH\index.php(56): CodeIgniter\Boot::bootWeb(Object(Config\Paths))
CRITICAL - 2025-01-09 15:32:34 --> ErrorException: Undefined array key "Pilih Jenis Kelamin"
[Method: POST, Route: save-half-lab]
in APPPATH\Controllers\Main.php on line 369.
 1 APPPATH\Controllers\Main.php(369): CodeIgniter\Debug\Exceptions->errorHandler(2, 'Undefined array key "Pilih Jenis Kelamin"', 'C:\\laragon\\www\\mcu-avisena\\app\\Controllers\\Main.php', 369)
 2 SYSTEMPATH\CodeIgniter.php(933): App\Controllers\Main->save_half_lab()
 3 SYSTEMPATH\CodeIgniter.php(509): CodeIgniter\CodeIgniter->runController(Object(App\Controllers\Main))
 4 SYSTEMPATH\CodeIgniter.php(355): CodeIgniter\CodeIgniter->handleRequest(null, Object(Config\Cache), false)
 5 SYSTEMPATH\Boot.php(325): CodeIgniter\CodeIgniter->run()
 6 SYSTEMPATH\Boot.php(67): CodeIgniter\Boot::runCodeIgniter(Object(CodeIgniter\CodeIgniter))
 7 FCPATH\index.php(56): CodeIgniter\Boot::bootWeb(Object(Config\Paths))
