CRITICAL - 2025-06-07 01:05:52 --> ErrorException: Undefined array key "Pria "
[Method: POST, Route: save-half-lab]
in APPPATH\Controllers\Main.php on line 561.
 1 APPPATH\Controllers\Main.php(561): CodeIgniter\Debug\Exceptions->errorHandler(2, 'Undefined array key "Pria "', 'C:\\laragon\\www\\mcu-avisena\\app\\Controllers\\Main.php', 561)
 2 SYSTEMPATH\CodeIgniter.php(933): App\Controllers\Main->save_half_lab()
 3 SYSTEMPATH\CodeIgniter.php(509): CodeIgniter\CodeIgniter->runController(Object(App\Controllers\Main))
 4 SYSTEMPATH\CodeIgniter.php(355): CodeIgniter\CodeIgniter->handleRequest(null, Object(Config\Cache), false)
 5 SYSTEMPATH\Boot.php(325): CodeIgniter\CodeIgniter->run()
 6 SYSTEMPATH\Boot.php(67): CodeIgniter\Boot::runCodeIgniter(Object(CodeIgniter\CodeIgniter))
 7 FCPATH\index.php(56): CodeIgniter\Boot::bootWeb(Object(Config\Paths))
CRITICAL - 2025-06-07 01:05:58 --> ErrorException: Undefined array key "Pria "
[Method: POST, Route: save-half-lab]
in APPPATH\Controllers\Main.php on line 561.
 1 APPPATH\Controllers\Main.php(561): CodeIgniter\Debug\Exceptions->errorHandler(2, 'Undefined array key "Pria "', 'C:\\laragon\\www\\mcu-avisena\\app\\Controllers\\Main.php', 561)
 2 SYSTEMPATH\CodeIgniter.php(933): App\Controllers\Main->save_half_lab()
 3 SYSTEMPATH\CodeIgniter.php(509): CodeIgniter\CodeIgniter->runController(Object(App\Controllers\Main))
 4 SYSTEMPATH\CodeIgniter.php(355): CodeIgniter\CodeIgniter->handleRequest(null, Object(Config\Cache), false)
 5 SYSTEMPATH\Boot.php(325): CodeIgniter\CodeIgniter->run()
 6 SYSTEMPATH\Boot.php(67): CodeIgniter\Boot::runCodeIgniter(Object(CodeIgniter\CodeIgniter))
 7 FCPATH\index.php(56): CodeIgniter\Boot::bootWeb(Object(Config\Paths))
CRITICAL - 2025-06-07 01:07:45 --> ErrorException: Undefined array key "Pria "
[Method: POST, Route: save-half-lab]
in APPPATH\Controllers\Main.php on line 561.
 1 APPPATH\Controllers\Main.php(561): CodeIgniter\Debug\Exceptions->errorHandler(2, 'Undefined array key "Pria "', 'C:\\laragon\\www\\mcu-avisena\\app\\Controllers\\Main.php', 561)
 2 SYSTEMPATH\CodeIgniter.php(933): App\Controllers\Main->save_half_lab()
 3 SYSTEMPATH\CodeIgniter.php(509): CodeIgniter\CodeIgniter->runController(Object(App\Controllers\Main))
 4 SYSTEMPATH\CodeIgniter.php(355): CodeIgniter\CodeIgniter->handleRequest(null, Object(Config\Cache), false)
 5 SYSTEMPATH\Boot.php(325): CodeIgniter\CodeIgniter->run()
 6 SYSTEMPATH\Boot.php(67): CodeIgniter\Boot::runCodeIgniter(Object(CodeIgniter\CodeIgniter))
 7 FCPATH\index.php(56): CodeIgniter\Boot::bootWeb(Object(Config\Paths))
CRITICAL - 2025-06-07 01:07:52 --> ErrorException: Undefined array key "Pria "
[Method: POST, Route: save-half-lab]
in APPPATH\Controllers\Main.php on line 561.
 1 APPPATH\Controllers\Main.php(561): CodeIgniter\Debug\Exceptions->errorHandler(2, 'Undefined array key "Pria "', 'C:\\laragon\\www\\mcu-avisena\\app\\Controllers\\Main.php', 561)
 2 SYSTEMPATH\CodeIgniter.php(933): App\Controllers\Main->save_half_lab()
 3 SYSTEMPATH\CodeIgniter.php(509): CodeIgniter\CodeIgniter->runController(Object(App\Controllers\Main))
 4 SYSTEMPATH\CodeIgniter.php(355): CodeIgniter\CodeIgniter->handleRequest(null, Object(Config\Cache), false)
 5 SYSTEMPATH\Boot.php(325): CodeIgniter\CodeIgniter->run()
 6 SYSTEMPATH\Boot.php(67): CodeIgniter\Boot::runCodeIgniter(Object(CodeIgniter\CodeIgniter))
 7 FCPATH\index.php(56): CodeIgniter\Boot::bootWeb(Object(Config\Paths))
CRITICAL - 2025-06-07 01:08:21 --> ErrorException: Undefined array key "Pria "
[Method: POST, Route: save-half-lab]
in APPPATH\Controllers\Main.php on line 561.
 1 APPPATH\Controllers\Main.php(561): CodeIgniter\Debug\Exceptions->errorHandler(2, 'Undefined array key "Pria "', 'C:\\laragon\\www\\mcu-avisena\\app\\Controllers\\Main.php', 561)
 2 SYSTEMPATH\CodeIgniter.php(933): App\Controllers\Main->save_half_lab()
 3 SYSTEMPATH\CodeIgniter.php(509): CodeIgniter\CodeIgniter->runController(Object(App\Controllers\Main))
 4 SYSTEMPATH\CodeIgniter.php(355): CodeIgniter\CodeIgniter->handleRequest(null, Object(Config\Cache), false)
 5 SYSTEMPATH\Boot.php(325): CodeIgniter\CodeIgniter->run()
 6 SYSTEMPATH\Boot.php(67): CodeIgniter\Boot::runCodeIgniter(Object(CodeIgniter\CodeIgniter))
 7 FCPATH\index.php(56): CodeIgniter\Boot::bootWeb(Object(Config\Paths))
CRITICAL - 2025-06-07 01:08:33 --> ErrorException: Undefined array key "Pria "
[Method: POST, Route: save-half-lab]
in APPPATH\Controllers\Main.php on line 561.
 1 APPPATH\Controllers\Main.php(561): CodeIgniter\Debug\Exceptions->errorHandler(2, 'Undefined array key "Pria "', 'C:\\laragon\\www\\mcu-avisena\\app\\Controllers\\Main.php', 561)
 2 SYSTEMPATH\CodeIgniter.php(933): App\Controllers\Main->save_half_lab()
 3 SYSTEMPATH\CodeIgniter.php(509): CodeIgniter\CodeIgniter->runController(Object(App\Controllers\Main))
 4 SYSTEMPATH\CodeIgniter.php(355): CodeIgniter\CodeIgniter->handleRequest(null, Object(Config\Cache), false)
 5 SYSTEMPATH\Boot.php(325): CodeIgniter\CodeIgniter->run()
 6 SYSTEMPATH\Boot.php(67): CodeIgniter\Boot::runCodeIgniter(Object(CodeIgniter\CodeIgniter))
 7 FCPATH\index.php(56): CodeIgniter\Boot::bootWeb(Object(Config\Paths))
CRITICAL - 2025-06-07 01:29:36 --> ErrorException: Undefined array key "Pria "
[Method: POST, Route: save-half-lab]
in APPPATH\Controllers\Main.php on line 561.
 1 APPPATH\Controllers\Main.php(561): CodeIgniter\Debug\Exceptions->errorHandler(2, 'Undefined array key "Pria "', 'C:\\laragon\\www\\mcu-avisena\\app\\Controllers\\Main.php', 561)
 2 SYSTEMPATH\CodeIgniter.php(933): App\Controllers\Main->save_half_lab()
 3 SYSTEMPATH\CodeIgniter.php(509): CodeIgniter\CodeIgniter->runController(Object(App\Controllers\Main))
 4 SYSTEMPATH\CodeIgniter.php(355): CodeIgniter\CodeIgniter->handleRequest(null, Object(Config\Cache), false)
 5 SYSTEMPATH\Boot.php(325): CodeIgniter\CodeIgniter->run()
 6 SYSTEMPATH\Boot.php(67): CodeIgniter\Boot::runCodeIgniter(Object(CodeIgniter\CodeIgniter))
 7 FCPATH\index.php(56): CodeIgniter\Boot::bootWeb(Object(Config\Paths))
CRITICAL - 2025-06-07 07:06:55 --> ErrorException: Undefined array key "Pria "
[Method: POST, Route: save-half-lab]
in APPPATH\Controllers\Main.php on line 561.
 1 APPPATH\Controllers\Main.php(561): CodeIgniter\Debug\Exceptions->errorHandler(2, 'Undefined array key "Pria "', 'C:\\laragon\\www\\mcu-avisena\\app\\Controllers\\Main.php', 561)
 2 SYSTEMPATH\CodeIgniter.php(933): App\Controllers\Main->save_half_lab()
 3 SYSTEMPATH\CodeIgniter.php(509): CodeIgniter\CodeIgniter->runController(Object(App\Controllers\Main))
 4 SYSTEMPATH\CodeIgniter.php(355): CodeIgniter\CodeIgniter->handleRequest(null, Object(Config\Cache), false)
 5 SYSTEMPATH\Boot.php(325): CodeIgniter\CodeIgniter->run()
 6 SYSTEMPATH\Boot.php(67): CodeIgniter\Boot::runCodeIgniter(Object(CodeIgniter\CodeIgniter))
 7 FCPATH\index.php(56): CodeIgniter\Boot::bootWeb(Object(Config\Paths))
