CRITICAL - 2025-05-28 07:50:44 --> ErrorException: Trying to access array offset on null
[Method: GET, Route: detail-mcu/377]
in APPPATH\Views\main\v_detail_mcu.php on line 32.
 1 APPPATH\Views\main\v_detail_mcu.php(32): CodeIgniter\Debug\Exceptions->errorHandler(2, 'Trying to access array offset on null', 'C:\\laragon\\www\\mcu-avisena\\app\\Views\\main\\v_detail_mcu.php', 32)
 2 SYSTEMPATH\View\View.php(234): include('C:\\laragon\\www\\mcu-avisena\\app\\Views\\main\\v_detail_mcu.php')
 3 SYSTEMPATH\View\View.php(237): CodeIgniter\View\View->CodeIgniter\View\{closure}()
 4 SYSTEMPATH\Common.php(1171): CodeIgniter\View\View->render('Main/v_detail_mcu', [], true)
 5 APPPATH\Controllers\Main.php(160): view('Main/v_detail_mcu', [...])
 6 SYSTEMPATH\CodeIgniter.php(933): App\Controllers\Main->detail_mcu('377')
 7 SYSTEMPATH\CodeIgniter.php(509): CodeIgniter\CodeIgniter->runController(Object(App\Controllers\Main))
 8 SYSTEMPATH\CodeIgniter.php(355): CodeIgniter\CodeIgniter->handleRequest(null, Object(Config\Cache), false)
 9 SYSTEMPATH\Boot.php(325): CodeIgniter\CodeIgniter->run()
10 SYSTEMPATH\Boot.php(67): CodeIgniter\Boot::runCodeIgniter(Object(CodeIgniter\CodeIgniter))
11 FCPATH\index.php(56): CodeIgniter\Boot::bootWeb(Object(Config\Paths))
CRITICAL - 2025-05-28 07:50:48 --> ErrorException: Trying to access array offset on null
[Method: GET, Route: delete-lab/377]
in APPPATH\Controllers\Main.php on line 768.
 1 APPPATH\Controllers\Main.php(768): CodeIgniter\Debug\Exceptions->errorHandler(2, 'Trying to access array offset on null', 'C:\\laragon\\www\\mcu-avisena\\app\\Controllers\\Main.php', 768)
 2 SYSTEMPATH\CodeIgniter.php(933): App\Controllers\Main->delete_lab('377')
 3 SYSTEMPATH\CodeIgniter.php(509): CodeIgniter\CodeIgniter->runController(Object(App\Controllers\Main))
 4 SYSTEMPATH\CodeIgniter.php(355): CodeIgniter\CodeIgniter->handleRequest(null, Object(Config\Cache), false)
 5 SYSTEMPATH\Boot.php(325): CodeIgniter\CodeIgniter->run()
 6 SYSTEMPATH\Boot.php(67): CodeIgniter\Boot::runCodeIgniter(Object(CodeIgniter\CodeIgniter))
 7 FCPATH\index.php(56): CodeIgniter\Boot::bootWeb(Object(Config\Paths))
CRITICAL - 2025-05-28 07:50:55 --> ErrorException: Trying to access array offset on null
[Method: GET, Route: detail-lab/377]
in APPPATH\Views\main\v_detail_lab.php on line 40.
 1 APPPATH\Views\main\v_detail_lab.php(40): CodeIgniter\Debug\Exceptions->errorHandler(2, 'Trying to access array offset on null', 'C:\\laragon\\www\\mcu-avisena\\app\\Views\\main\\v_detail_lab.php', 40)
 2 SYSTEMPATH\View\View.php(234): include('C:\\laragon\\www\\mcu-avisena\\app\\Views\\main\\v_detail_lab.php')
 3 SYSTEMPATH\View\View.php(237): CodeIgniter\View\View->CodeIgniter\View\{closure}()
 4 SYSTEMPATH\Common.php(1171): CodeIgniter\View\View->render('Main/v_detail_lab', [], true)
 5 APPPATH\Controllers\Main.php(762): view('Main/v_detail_lab', [...])
 6 SYSTEMPATH\CodeIgniter.php(933): App\Controllers\Main->detail_lab('377')
 7 SYSTEMPATH\CodeIgniter.php(509): CodeIgniter\CodeIgniter->runController(Object(App\Controllers\Main))
 8 SYSTEMPATH\CodeIgniter.php(355): CodeIgniter\CodeIgniter->handleRequest(null, Object(Config\Cache), false)
 9 SYSTEMPATH\Boot.php(325): CodeIgniter\CodeIgniter->run()
10 SYSTEMPATH\Boot.php(67): CodeIgniter\Boot::runCodeIgniter(Object(CodeIgniter\CodeIgniter))
11 FCPATH\index.php(56): CodeIgniter\Boot::bootWeb(Object(Config\Paths))
CRITICAL - 2025-05-28 08:16:27 --> ErrorException: Trying to access array offset on null
[Method: GET, Route: detail-mcu/379]
in APPPATH\Views\main\v_detail_mcu.php on line 32.
 1 APPPATH\Views\main\v_detail_mcu.php(32): CodeIgniter\Debug\Exceptions->errorHandler(2, 'Trying to access array offset on null', 'C:\\laragon\\www\\mcu-avisena\\app\\Views\\main\\v_detail_mcu.php', 32)
 2 SYSTEMPATH\View\View.php(234): include('C:\\laragon\\www\\mcu-avisena\\app\\Views\\main\\v_detail_mcu.php')
 3 SYSTEMPATH\View\View.php(237): CodeIgniter\View\View->CodeIgniter\View\{closure}()
 4 SYSTEMPATH\Common.php(1171): CodeIgniter\View\View->render('Main/v_detail_mcu', [], true)
 5 APPPATH\Controllers\Main.php(160): view('Main/v_detail_mcu', [...])
 6 SYSTEMPATH\CodeIgniter.php(933): App\Controllers\Main->detail_mcu('379')
 7 SYSTEMPATH\CodeIgniter.php(509): CodeIgniter\CodeIgniter->runController(Object(App\Controllers\Main))
 8 SYSTEMPATH\CodeIgniter.php(355): CodeIgniter\CodeIgniter->handleRequest(null, Object(Config\Cache), false)
 9 SYSTEMPATH\Boot.php(325): CodeIgniter\CodeIgniter->run()
10 SYSTEMPATH\Boot.php(67): CodeIgniter\Boot::runCodeIgniter(Object(CodeIgniter\CodeIgniter))
11 FCPATH\index.php(56): CodeIgniter\Boot::bootWeb(Object(Config\Paths))
