CRITICAL - 2025-01-14 02:53:47 --> ErrorException: Trying to access array offset on value of type null
[Method: GET, Route: detail-mcu/86]
in APPPATH\Views\main\v_detail_mcu.php on line 32.
 1 APPPATH\Views\main\v_detail_mcu.php(32): CodeIgniter\Debug\Exceptions->errorHandler(2, 'Trying to access array offset on value of type null', 'C:\\laragon\\www\\mcu-avisena\\app\\Views\\main\\v_detail_mcu.php', 32)
 2 SYSTEMPATH\View\View.php(234): include('C:\\laragon\\www\\mcu-avisena\\app\\Views\\main\\v_detail_mcu.php')
 3 SYSTEMPATH\View\View.php(237): CodeIgniter\View\View->CodeIgniter\View\{closure}()
 4 SYSTEMPATH\Common.php(1171): CodeIgniter\View\View->render('Main/v_detail_mcu', [], true)
 5 APPPATH\Controllers\Main.php(160): view('Main/v_detail_mcu', [...])
 6 SYSTEMPATH\CodeIgniter.php(933): App\Controllers\Main->detail_mcu('86')
 7 SYSTEMPATH\CodeIgniter.php(509): CodeIgniter\CodeIgniter->runController(Object(App\Controllers\Main))
 8 SYSTEMPATH\CodeIgniter.php(355): CodeIgniter\CodeIgniter->handleRequest(null, Object(Config\Cache), false)
 9 SYSTEMPATH\Boot.php(325): CodeIgniter\CodeIgniter->run()
10 SYSTEMPATH\Boot.php(67): CodeIgniter\Boot::runCodeIgniter(Object(CodeIgniter\CodeIgniter))
11 FCPATH\index.php(56): CodeIgniter\Boot::bootWeb(Object(Config\Paths))
CRITICAL - 2025-01-14 02:53:55 --> ErrorException: Trying to access array offset on value of type null
[Method: GET, Route: detail-mcu/86]
in APPPATH\Views\main\v_detail_mcu.php on line 32.
 1 APPPATH\Views\main\v_detail_mcu.php(32): CodeIgniter\Debug\Exceptions->errorHandler(2, 'Trying to access array offset on value of type null', 'C:\\laragon\\www\\mcu-avisena\\app\\Views\\main\\v_detail_mcu.php', 32)
 2 SYSTEMPATH\View\View.php(234): include('C:\\laragon\\www\\mcu-avisena\\app\\Views\\main\\v_detail_mcu.php')
 3 SYSTEMPATH\View\View.php(237): CodeIgniter\View\View->CodeIgniter\View\{closure}()
 4 SYSTEMPATH\Common.php(1171): CodeIgniter\View\View->render('Main/v_detail_mcu', [], true)
 5 APPPATH\Controllers\Main.php(160): view('Main/v_detail_mcu', [...])
 6 SYSTEMPATH\CodeIgniter.php(933): App\Controllers\Main->detail_mcu('86')
 7 SYSTEMPATH\CodeIgniter.php(509): CodeIgniter\CodeIgniter->runController(Object(App\Controllers\Main))
 8 SYSTEMPATH\CodeIgniter.php(355): CodeIgniter\CodeIgniter->handleRequest(null, Object(Config\Cache), false)
 9 SYSTEMPATH\Boot.php(325): CodeIgniter\CodeIgniter->run()
10 SYSTEMPATH\Boot.php(67): CodeIgniter\Boot::runCodeIgniter(Object(CodeIgniter\CodeIgniter))
11 FCPATH\index.php(56): CodeIgniter\Boot::bootWeb(Object(Config\Paths))
CRITICAL - 2025-01-14 02:54:55 --> ErrorException: Trying to access array offset on value of type null
[Method: GET, Route: detail-mcu/86]
in APPPATH\Views\main\v_detail_mcu.php on line 32.
 1 APPPATH\Views\main\v_detail_mcu.php(32): CodeIgniter\Debug\Exceptions->errorHandler(2, 'Trying to access array offset on value of type null', 'C:\\laragon\\www\\mcu-avisena\\app\\Views\\main\\v_detail_mcu.php', 32)
 2 SYSTEMPATH\View\View.php(234): include('C:\\laragon\\www\\mcu-avisena\\app\\Views\\main\\v_detail_mcu.php')
 3 SYSTEMPATH\View\View.php(237): CodeIgniter\View\View->CodeIgniter\View\{closure}()
 4 SYSTEMPATH\Common.php(1171): CodeIgniter\View\View->render('Main/v_detail_mcu', [], true)
 5 APPPATH\Controllers\Main.php(160): view('Main/v_detail_mcu', [...])
 6 SYSTEMPATH\CodeIgniter.php(933): App\Controllers\Main->detail_mcu('86')
 7 SYSTEMPATH\CodeIgniter.php(509): CodeIgniter\CodeIgniter->runController(Object(App\Controllers\Main))
 8 SYSTEMPATH\CodeIgniter.php(355): CodeIgniter\CodeIgniter->handleRequest(null, Object(Config\Cache), false)
 9 SYSTEMPATH\Boot.php(325): CodeIgniter\CodeIgniter->run()
10 SYSTEMPATH\Boot.php(67): CodeIgniter\Boot::runCodeIgniter(Object(CodeIgniter\CodeIgniter))
11 FCPATH\index.php(56): CodeIgniter\Boot::bootWeb(Object(Config\Paths))
CRITICAL - 2025-01-14 02:55:01 --> ErrorException: Trying to access array offset on value of type null
[Method: GET, Route: detail-mcu/88]
in APPPATH\Views\main\v_detail_mcu.php on line 32.
 1 APPPATH\Views\main\v_detail_mcu.php(32): CodeIgniter\Debug\Exceptions->errorHandler(2, 'Trying to access array offset on value of type null', 'C:\\laragon\\www\\mcu-avisena\\app\\Views\\main\\v_detail_mcu.php', 32)
 2 SYSTEMPATH\View\View.php(234): include('C:\\laragon\\www\\mcu-avisena\\app\\Views\\main\\v_detail_mcu.php')
 3 SYSTEMPATH\View\View.php(237): CodeIgniter\View\View->CodeIgniter\View\{closure}()
 4 SYSTEMPATH\Common.php(1171): CodeIgniter\View\View->render('Main/v_detail_mcu', [], true)
 5 APPPATH\Controllers\Main.php(160): view('Main/v_detail_mcu', [...])
 6 SYSTEMPATH\CodeIgniter.php(933): App\Controllers\Main->detail_mcu('88')
 7 SYSTEMPATH\CodeIgniter.php(509): CodeIgniter\CodeIgniter->runController(Object(App\Controllers\Main))
 8 SYSTEMPATH\CodeIgniter.php(355): CodeIgniter\CodeIgniter->handleRequest(null, Object(Config\Cache), false)
 9 SYSTEMPATH\Boot.php(325): CodeIgniter\CodeIgniter->run()
10 SYSTEMPATH\Boot.php(67): CodeIgniter\Boot::runCodeIgniter(Object(CodeIgniter\CodeIgniter))
11 FCPATH\index.php(56): CodeIgniter\Boot::bootWeb(Object(Config\Paths))
CRITICAL - 2025-01-14 02:55:36 --> ErrorException: Trying to access array offset on value of type null
[Method: GET, Route: detail-mcu/91]
in APPPATH\Views\main\v_detail_mcu.php on line 32.
 1 APPPATH\Views\main\v_detail_mcu.php(32): CodeIgniter\Debug\Exceptions->errorHandler(2, 'Trying to access array offset on value of type null', 'C:\\laragon\\www\\mcu-avisena\\app\\Views\\main\\v_detail_mcu.php', 32)
 2 SYSTEMPATH\View\View.php(234): include('C:\\laragon\\www\\mcu-avisena\\app\\Views\\main\\v_detail_mcu.php')
 3 SYSTEMPATH\View\View.php(237): CodeIgniter\View\View->CodeIgniter\View\{closure}()
 4 SYSTEMPATH\Common.php(1171): CodeIgniter\View\View->render('Main/v_detail_mcu', [], true)
 5 APPPATH\Controllers\Main.php(160): view('Main/v_detail_mcu', [...])
 6 SYSTEMPATH\CodeIgniter.php(933): App\Controllers\Main->detail_mcu('91')
 7 SYSTEMPATH\CodeIgniter.php(509): CodeIgniter\CodeIgniter->runController(Object(App\Controllers\Main))
 8 SYSTEMPATH\CodeIgniter.php(355): CodeIgniter\CodeIgniter->handleRequest(null, Object(Config\Cache), false)
 9 SYSTEMPATH\Boot.php(325): CodeIgniter\CodeIgniter->run()
10 SYSTEMPATH\Boot.php(67): CodeIgniter\Boot::runCodeIgniter(Object(CodeIgniter\CodeIgniter))
11 FCPATH\index.php(56): CodeIgniter\Boot::bootWeb(Object(Config\Paths))
CRITICAL - 2025-01-14 02:56:21 --> ErrorException: Trying to access array offset on value of type null
[Method: GET, Route: detail-mcu/100]
in APPPATH\Views\main\v_detail_mcu.php on line 32.
 1 APPPATH\Views\main\v_detail_mcu.php(32): CodeIgniter\Debug\Exceptions->errorHandler(2, 'Trying to access array offset on value of type null', 'C:\\laragon\\www\\mcu-avisena\\app\\Views\\main\\v_detail_mcu.php', 32)
 2 SYSTEMPATH\View\View.php(234): include('C:\\laragon\\www\\mcu-avisena\\app\\Views\\main\\v_detail_mcu.php')
 3 SYSTEMPATH\View\View.php(237): CodeIgniter\View\View->CodeIgniter\View\{closure}()
 4 SYSTEMPATH\Common.php(1171): CodeIgniter\View\View->render('Main/v_detail_mcu', [], true)
 5 APPPATH\Controllers\Main.php(160): view('Main/v_detail_mcu', [...])
 6 SYSTEMPATH\CodeIgniter.php(933): App\Controllers\Main->detail_mcu('100')
 7 SYSTEMPATH\CodeIgniter.php(509): CodeIgniter\CodeIgniter->runController(Object(App\Controllers\Main))
 8 SYSTEMPATH\CodeIgniter.php(355): CodeIgniter\CodeIgniter->handleRequest(null, Object(Config\Cache), false)
 9 SYSTEMPATH\Boot.php(325): CodeIgniter\CodeIgniter->run()
10 SYSTEMPATH\Boot.php(67): CodeIgniter\Boot::runCodeIgniter(Object(CodeIgniter\CodeIgniter))
11 FCPATH\index.php(56): CodeIgniter\Boot::bootWeb(Object(Config\Paths))
CRITICAL - 2025-01-14 03:31:55 --> ErrorException: unlink(C:\laragon\www\mcu-avisena\writable\debugbar/debugbar_1736825376.788293.json): No such file or directory
[Method: GET, Route: /]
in SYSTEMPATH\Debug\Toolbar\Collectors\History.php on line 82.
 1 [internal function]: CodeIgniter\Debug\Exceptions->errorHandler(2, 'unlink(C:\\laragon\\www\\mcu-avisena\\writable\\debugbar/debugbar_1736825376.788293.json): No such file or directory', 'C:\\laragon\\www\\mcu-avisena\\system\\Debug\\Toolbar\\Collectors\\History.php', 82)
 2 SYSTEMPATH\Debug\Toolbar\Collectors\History.php(82): unlink('C:\\laragon\\www\\mcu-avisena\\writable\\debugbar/debugbar_1736825376.788293.json')
 3 SYSTEMPATH\Debug\Toolbar.php(520): CodeIgniter\Debug\Toolbar\Collectors\History->setFiles('1736825514.838116', 20)
 4 SYSTEMPATH\Debug\Toolbar.php(497): CodeIgniter\Debug\Toolbar->format([...], 'html')
 5 APPPATH\Config\Events.php(47): CodeIgniter\Debug\Toolbar->respond()
 6 SYSTEMPATH\Events\Events.php(155): CodeIgniter\Events\Events::Config\{closure}()
 7 SYSTEMPATH\CodeIgniter.php(340): CodeIgniter\Events\Events::trigger('pre_system')
 8 SYSTEMPATH\Boot.php(325): CodeIgniter\CodeIgniter->run()
 9 SYSTEMPATH\Boot.php(67): CodeIgniter\Boot::runCodeIgniter(Object(CodeIgniter\CodeIgniter))
10 FCPATH\index.php(56): CodeIgniter\Boot::bootWeb(Object(Config\Paths))
CRITICAL - 2025-01-14 04:12:15 --> ErrorException: Trying to access array offset on value of type null
[Method: GET, Route: detail-mcu/363]
in APPPATH\Views\main\v_detail_mcu.php on line 32.
 1 APPPATH\Views\main\v_detail_mcu.php(32): CodeIgniter\Debug\Exceptions->errorHandler(2, 'Trying to access array offset on value of type null', 'C:\\laragon\\www\\mcu-avisena\\app\\Views\\main\\v_detail_mcu.php', 32)
 2 SYSTEMPATH\View\View.php(234): include('C:\\laragon\\www\\mcu-avisena\\app\\Views\\main\\v_detail_mcu.php')
 3 SYSTEMPATH\View\View.php(237): CodeIgniter\View\View->CodeIgniter\View\{closure}()
 4 SYSTEMPATH\Common.php(1171): CodeIgniter\View\View->render('Main/v_detail_mcu', [], true)
 5 APPPATH\Controllers\Main.php(160): view('Main/v_detail_mcu', [...])
 6 SYSTEMPATH\CodeIgniter.php(933): App\Controllers\Main->detail_mcu('363')
 7 SYSTEMPATH\CodeIgniter.php(509): CodeIgniter\CodeIgniter->runController(Object(App\Controllers\Main))
 8 SYSTEMPATH\CodeIgniter.php(355): CodeIgniter\CodeIgniter->handleRequest(null, Object(Config\Cache), false)
 9 SYSTEMPATH\Boot.php(325): CodeIgniter\CodeIgniter->run()
10 SYSTEMPATH\Boot.php(67): CodeIgniter\Boot::runCodeIgniter(Object(CodeIgniter\CodeIgniter))
11 FCPATH\index.php(56): CodeIgniter\Boot::bootWeb(Object(Config\Paths))
CRITICAL - 2025-01-14 04:44:19 --> ErrorException: Trying to access array offset on value of type null
[Method: GET, Route: detail-lab/363]
in APPPATH\Views\main\v_detail_lab.php on line 40.
 1 APPPATH\Views\main\v_detail_lab.php(40): CodeIgniter\Debug\Exceptions->errorHandler(2, 'Trying to access array offset on value of type null', 'C:\\laragon\\www\\mcu-avisena\\app\\Views\\main\\v_detail_lab.php', 40)
 2 SYSTEMPATH\View\View.php(234): include('C:\\laragon\\www\\mcu-avisena\\app\\Views\\main\\v_detail_lab.php')
 3 SYSTEMPATH\View\View.php(237): CodeIgniter\View\View->CodeIgniter\View\{closure}()
 4 SYSTEMPATH\Common.php(1171): CodeIgniter\View\View->render('Main/v_detail_lab', [], true)
 5 APPPATH\Controllers\Main.php(576): view('Main/v_detail_lab', [...])
 6 SYSTEMPATH\CodeIgniter.php(933): App\Controllers\Main->detail_lab('363')
 7 SYSTEMPATH\CodeIgniter.php(509): CodeIgniter\CodeIgniter->runController(Object(App\Controllers\Main))
 8 SYSTEMPATH\CodeIgniter.php(355): CodeIgniter\CodeIgniter->handleRequest(null, Object(Config\Cache), false)
 9 SYSTEMPATH\Boot.php(325): CodeIgniter\CodeIgniter->run()
10 SYSTEMPATH\Boot.php(67): CodeIgniter\Boot::runCodeIgniter(Object(CodeIgniter\CodeIgniter))
11 FCPATH\index.php(56): CodeIgniter\Boot::bootWeb(Object(Config\Paths))
CRITICAL - 2025-01-14 07:46:35 --> ErrorException: Trying to access array offset on value of type null
[Method: GET, Route: detail-mcu/88]
in APPPATH\Views\main\v_detail_mcu.php on line 32.
 1 APPPATH\Views\main\v_detail_mcu.php(32): CodeIgniter\Debug\Exceptions->errorHandler(2, 'Trying to access array offset on value of type null', 'C:\\laragon\\www\\mcu-avisena\\app\\Views\\main\\v_detail_mcu.php', 32)
 2 SYSTEMPATH\View\View.php(234): include('C:\\laragon\\www\\mcu-avisena\\app\\Views\\main\\v_detail_mcu.php')
 3 SYSTEMPATH\View\View.php(237): CodeIgniter\View\View->CodeIgniter\View\{closure}()
 4 SYSTEMPATH\Common.php(1171): CodeIgniter\View\View->render('Main/v_detail_mcu', [], true)
 5 APPPATH\Controllers\Main.php(160): view('Main/v_detail_mcu', [...])
 6 SYSTEMPATH\CodeIgniter.php(933): App\Controllers\Main->detail_mcu('88')
 7 SYSTEMPATH\CodeIgniter.php(509): CodeIgniter\CodeIgniter->runController(Object(App\Controllers\Main))
 8 SYSTEMPATH\CodeIgniter.php(355): CodeIgniter\CodeIgniter->handleRequest(null, Object(Config\Cache), false)
 9 SYSTEMPATH\Boot.php(325): CodeIgniter\CodeIgniter->run()
10 SYSTEMPATH\Boot.php(67): CodeIgniter\Boot::runCodeIgniter(Object(CodeIgniter\CodeIgniter))
11 FCPATH\index.php(56): CodeIgniter\Boot::bootWeb(Object(Config\Paths))
CRITICAL - 2025-01-14 07:49:50 --> ErrorException: Trying to access array offset on value of type null
[Method: GET, Route: detail-mcu/86]
in APPPATH\Views\main\v_detail_mcu.php on line 32.
 1 APPPATH\Views\main\v_detail_mcu.php(32): CodeIgniter\Debug\Exceptions->errorHandler(2, 'Trying to access array offset on value of type null', 'C:\\laragon\\www\\mcu-avisena\\app\\Views\\main\\v_detail_mcu.php', 32)
 2 SYSTEMPATH\View\View.php(234): include('C:\\laragon\\www\\mcu-avisena\\app\\Views\\main\\v_detail_mcu.php')
 3 SYSTEMPATH\View\View.php(237): CodeIgniter\View\View->CodeIgniter\View\{closure}()
 4 SYSTEMPATH\Common.php(1171): CodeIgniter\View\View->render('Main/v_detail_mcu', [], true)
 5 APPPATH\Controllers\Main.php(160): view('Main/v_detail_mcu', [...])
 6 SYSTEMPATH\CodeIgniter.php(933): App\Controllers\Main->detail_mcu('86')
 7 SYSTEMPATH\CodeIgniter.php(509): CodeIgniter\CodeIgniter->runController(Object(App\Controllers\Main))
 8 SYSTEMPATH\CodeIgniter.php(355): CodeIgniter\CodeIgniter->handleRequest(null, Object(Config\Cache), false)
 9 SYSTEMPATH\Boot.php(325): CodeIgniter\CodeIgniter->run()
10 SYSTEMPATH\Boot.php(67): CodeIgniter\Boot::runCodeIgniter(Object(CodeIgniter\CodeIgniter))
11 FCPATH\index.php(56): CodeIgniter\Boot::bootWeb(Object(Config\Paths))
CRITICAL - 2025-01-14 07:55:46 --> ErrorException: Trying to access array offset on value of type null
[Method: GET, Route: detail-mcu/86]
in APPPATH\Views\main\v_detail_mcu.php on line 32.
 1 APPPATH\Views\main\v_detail_mcu.php(32): CodeIgniter\Debug\Exceptions->errorHandler(2, 'Trying to access array offset on value of type null', 'C:\\laragon\\www\\mcu-avisena\\app\\Views\\main\\v_detail_mcu.php', 32)
 2 SYSTEMPATH\View\View.php(234): include('C:\\laragon\\www\\mcu-avisena\\app\\Views\\main\\v_detail_mcu.php')
 3 SYSTEMPATH\View\View.php(237): CodeIgniter\View\View->CodeIgniter\View\{closure}()
 4 SYSTEMPATH\Common.php(1171): CodeIgniter\View\View->render('Main/v_detail_mcu', [], true)
 5 APPPATH\Controllers\Main.php(160): view('Main/v_detail_mcu', [...])
 6 SYSTEMPATH\CodeIgniter.php(933): App\Controllers\Main->detail_mcu('86')
 7 SYSTEMPATH\CodeIgniter.php(509): CodeIgniter\CodeIgniter->runController(Object(App\Controllers\Main))
 8 SYSTEMPATH\CodeIgniter.php(355): CodeIgniter\CodeIgniter->handleRequest(null, Object(Config\Cache), false)
 9 SYSTEMPATH\Boot.php(325): CodeIgniter\CodeIgniter->run()
10 SYSTEMPATH\Boot.php(67): CodeIgniter\Boot::runCodeIgniter(Object(CodeIgniter\CodeIgniter))
11 FCPATH\index.php(56): CodeIgniter\Boot::bootWeb(Object(Config\Paths))
CRITICAL - 2025-01-14 07:55:53 --> ErrorException: Trying to access array offset on value of type null
[Method: GET, Route: detail-mcu/88]
in APPPATH\Views\main\v_detail_mcu.php on line 32.
 1 APPPATH\Views\main\v_detail_mcu.php(32): CodeIgniter\Debug\Exceptions->errorHandler(2, 'Trying to access array offset on value of type null', 'C:\\laragon\\www\\mcu-avisena\\app\\Views\\main\\v_detail_mcu.php', 32)
 2 SYSTEMPATH\View\View.php(234): include('C:\\laragon\\www\\mcu-avisena\\app\\Views\\main\\v_detail_mcu.php')
 3 SYSTEMPATH\View\View.php(237): CodeIgniter\View\View->CodeIgniter\View\{closure}()
 4 SYSTEMPATH\Common.php(1171): CodeIgniter\View\View->render('Main/v_detail_mcu', [], true)
 5 APPPATH\Controllers\Main.php(160): view('Main/v_detail_mcu', [...])
 6 SYSTEMPATH\CodeIgniter.php(933): App\Controllers\Main->detail_mcu('88')
 7 SYSTEMPATH\CodeIgniter.php(509): CodeIgniter\CodeIgniter->runController(Object(App\Controllers\Main))
 8 SYSTEMPATH\CodeIgniter.php(355): CodeIgniter\CodeIgniter->handleRequest(null, Object(Config\Cache), false)
 9 SYSTEMPATH\Boot.php(325): CodeIgniter\CodeIgniter->run()
10 SYSTEMPATH\Boot.php(67): CodeIgniter\Boot::runCodeIgniter(Object(CodeIgniter\CodeIgniter))
11 FCPATH\index.php(56): CodeIgniter\Boot::bootWeb(Object(Config\Paths))
CRITICAL - 2025-01-14 07:56:26 --> ErrorException: Trying to access array offset on value of type null
[Method: GET, Route: detail-mcu/91]
in APPPATH\Views\main\v_detail_mcu.php on line 32.
 1 APPPATH\Views\main\v_detail_mcu.php(32): CodeIgniter\Debug\Exceptions->errorHandler(2, 'Trying to access array offset on value of type null', 'C:\\laragon\\www\\mcu-avisena\\app\\Views\\main\\v_detail_mcu.php', 32)
 2 SYSTEMPATH\View\View.php(234): include('C:\\laragon\\www\\mcu-avisena\\app\\Views\\main\\v_detail_mcu.php')
 3 SYSTEMPATH\View\View.php(237): CodeIgniter\View\View->CodeIgniter\View\{closure}()
 4 SYSTEMPATH\Common.php(1171): CodeIgniter\View\View->render('Main/v_detail_mcu', [], true)
 5 APPPATH\Controllers\Main.php(160): view('Main/v_detail_mcu', [...])
 6 SYSTEMPATH\CodeIgniter.php(933): App\Controllers\Main->detail_mcu('91')
 7 SYSTEMPATH\CodeIgniter.php(509): CodeIgniter\CodeIgniter->runController(Object(App\Controllers\Main))
 8 SYSTEMPATH\CodeIgniter.php(355): CodeIgniter\CodeIgniter->handleRequest(null, Object(Config\Cache), false)
 9 SYSTEMPATH\Boot.php(325): CodeIgniter\CodeIgniter->run()
10 SYSTEMPATH\Boot.php(67): CodeIgniter\Boot::runCodeIgniter(Object(CodeIgniter\CodeIgniter))
11 FCPATH\index.php(56): CodeIgniter\Boot::bootWeb(Object(Config\Paths))
CRITICAL - 2025-01-14 07:56:45 --> ErrorException: Trying to access array offset on value of type null
[Method: GET, Route: detail-mcu/100]
in APPPATH\Views\main\v_detail_mcu.php on line 32.
 1 APPPATH\Views\main\v_detail_mcu.php(32): CodeIgniter\Debug\Exceptions->errorHandler(2, 'Trying to access array offset on value of type null', 'C:\\laragon\\www\\mcu-avisena\\app\\Views\\main\\v_detail_mcu.php', 32)
 2 SYSTEMPATH\View\View.php(234): include('C:\\laragon\\www\\mcu-avisena\\app\\Views\\main\\v_detail_mcu.php')
 3 SYSTEMPATH\View\View.php(237): CodeIgniter\View\View->CodeIgniter\View\{closure}()
 4 SYSTEMPATH\Common.php(1171): CodeIgniter\View\View->render('Main/v_detail_mcu', [], true)
 5 APPPATH\Controllers\Main.php(160): view('Main/v_detail_mcu', [...])
 6 SYSTEMPATH\CodeIgniter.php(933): App\Controllers\Main->detail_mcu('100')
 7 SYSTEMPATH\CodeIgniter.php(509): CodeIgniter\CodeIgniter->runController(Object(App\Controllers\Main))
 8 SYSTEMPATH\CodeIgniter.php(355): CodeIgniter\CodeIgniter->handleRequest(null, Object(Config\Cache), false)
 9 SYSTEMPATH\Boot.php(325): CodeIgniter\CodeIgniter->run()
10 SYSTEMPATH\Boot.php(67): CodeIgniter\Boot::runCodeIgniter(Object(CodeIgniter\CodeIgniter))
11 FCPATH\index.php(56): CodeIgniter\Boot::bootWeb(Object(Config\Paths))
CRITICAL - 2025-01-14 09:07:01 --> ErrorException: Undefined array key "Pilih Jenis Kelamin"
[Method: POST, Route: save-half-lab]
in APPPATH\Controllers\Main.php on line 369.
 1 APPPATH\Controllers\Main.php(369): CodeIgniter\Debug\Exceptions->errorHandler(2, 'Undefined array key "Pilih Jenis Kelamin"', 'C:\\laragon\\www\\mcu-avisena\\app\\Controllers\\Main.php', 369)
 2 SYSTEMPATH\CodeIgniter.php(933): App\Controllers\Main->save_half_lab()
 3 SYSTEMPATH\CodeIgniter.php(509): CodeIgniter\CodeIgniter->runController(Object(App\Controllers\Main))
 4 SYSTEMPATH\CodeIgniter.php(355): CodeIgniter\CodeIgniter->handleRequest(null, Object(Config\Cache), false)
 5 SYSTEMPATH\Boot.php(325): CodeIgniter\CodeIgniter->run()
 6 SYSTEMPATH\Boot.php(67): CodeIgniter\Boot::runCodeIgniter(Object(CodeIgniter\CodeIgniter))
 7 FCPATH\index.php(56): CodeIgniter\Boot::bootWeb(Object(Config\Paths))
